<?xml version="1.0" encoding="UTF-8"?>
<!-- Generated by org.testng.reporters.JUnitReportReporter -->
<testsuite hostname="RazerManu" failures="0" tests="1" name="tests.Login" time="3.244" errors="0" timestamp="2023-11-06T18:53:05 IST" skipped="0">
  <testcase classname="tests.Login" name="log" time="3.244"/>
  <system-out/>
</testsuite> <!-- tests.Login -->
