<?xml version="1.0" encoding="UTF-8"?>
<!-- Generated by org.testng.reporters.JUnitReportReporter -->
<testsuite hostname="RazerManu" failures="0" tests="1" name="POM.NewTest" time="5.702" errors="0" timestamp="2023-11-01T17:14:23 IST" skipped="0">
  <testcase classname="POM.NewTest" name="f" time="5.702"/>
  <system-out/>
</testsuite> <!-- POM.NewTest -->
